[INFO  - 2017-03-17T16:07:56.149Z] GhostDriver - Main - running on port 59793
[INFO  - 2017-03-17T16:07:56.988Z] Session [e2831470-0b2b-11e7-9d0e-e374ebd609f8] - page.settings - {"XSSAuditingEnabled":false,"javascriptCanCloseWindows":true,"javascriptCanOpenWindows":true,"javascriptEnabled":true,"loadImages":true,"localToRemoteUrlAccessEnabled":false,"userAgent":"Mozilla/5.0 (Unknown; Linux x86_64) AppleWebKit/538.1 (KHTML, like Gecko) PhantomJS/2.1.1 Safari/538.1","webSecurityEnabled":true}
[INFO  - 2017-03-17T16:07:56.989Z] Session [e2831470-0b2b-11e7-9d0e-e374ebd609f8] - page.customHeaders:  - {}
[INFO  - 2017-03-17T16:07:56.989Z] Session [e2831470-0b2b-11e7-9d0e-e374ebd609f8] - Session.negotiatedCapabilities - {"browserName":"phantomjs","version":"2.1.1","driverName":"ghostdriver","driverVersion":"1.2.0","platform":"linux-unknown-64bit","javascriptEnabled":true,"takesScreenshot":true,"handlesAlerts":false,"databaseEnabled":false,"locationContextEnabled":false,"applicationCacheEnabled":false,"browserConnectionEnabled":false,"cssSelectorsEnabled":true,"webStorageEnabled":false,"rotatable":false,"acceptSslCerts":false,"nativeEvents":true,"proxy":{"proxyType":"direct"}}
[INFO  - 2017-03-17T16:07:56.989Z] SessionManagerReqHand - _postNewSessionCommand - New Session Created: e2831470-0b2b-11e7-9d0e-e374ebd609f8
[ERROR - 2017-03-17T16:07:59.531Z] WebElementLocator - _handleLocateCommand - Element(s) NOT Found: GAVE UP. Search Stop Time: 1489766879497

  phantomjs://platform/console++.js:263 in error
[ERROR - 2017-03-17T16:08:00.917Z] WebElementLocator - _handleLocateCommand - Element(s) NOT Found: GAVE UP. Search Stop Time: 1489766880840

  phantomjs://platform/console++.js:263 in error
[ERROR - 2017-03-17T16:08:03.171Z] Session [e2831470-0b2b-11e7-9d0e-e374ebd609f8] - page.onError - msg: [object XMLHttpRequest]

  phantomjs://platform/console++.js:263 in error
[ERROR - 2017-03-17T16:08:03.172Z] Session [e2831470-0b2b-11e7-9d0e-e374ebd609f8] - page.onError - stack:
  logError (https://static.licdn.com/sc/h/7ax58ccipdbb1pu1cuf6zz3y6,awczjqzdnc7ook6i9xiabk6jn,7adjfcooy141ftibeery01dqm:16128)

  phantomjs://platform/console++.js:263 in error
[ERROR - 2017-03-17T16:08:03.179Z] Session [e2831470-0b2b-11e7-9d0e-e374ebd609f8] - page.onError - msg: [object XMLHttpRequest]

  phantomjs://platform/console++.js:263 in error
[ERROR - 2017-03-17T16:08:03.179Z] Session [e2831470-0b2b-11e7-9d0e-e374ebd609f8] - page.onError - stack:
  logError (https://static.licdn.com/sc/h/7ax58ccipdbb1pu1cuf6zz3y6,awczjqzdnc7ook6i9xiabk6jn,7adjfcooy141ftibeery01dqm:16128)

  phantomjs://platform/console++.js:263 in error
[ERROR - 2017-03-17T16:08:05.064Z] Session [e2831470-0b2b-11e7-9d0e-e374ebd609f8] - page.onError - msg: TypeError: null is not an object (evaluating 't.originalEvent.state.path')

  phantomjs://platform/console++.js:263 in error
[ERROR - 2017-03-17T16:08:05.065Z] Session [e2831470-0b2b-11e7-9d0e-e374ebd609f8] - page.onError - stack:
  _popstateListener1 (https://static.licdn.com/sc/h/20xxe25an4ha141x9n3dslxa8:624)
  dispatch (https://static.licdn.com/sc/h/7ax58ccipdbb1pu1cuf6zz3y6,awczjqzdnc7ook6i9xiabk6jn,7adjfcooy141ftibeery01dqm:988)
  handle (https://static.licdn.com/sc/h/7ax58ccipdbb1pu1cuf6zz3y6,awczjqzdnc7ook6i9xiabk6jn,7adjfcooy141ftibeery01dqm:920)

  phantomjs://platform/console++.js:263 in error
[ERROR - 2017-03-17T16:08:05.332Z] WebElementLocator - _handleLocateCommand - Element(s) NOT Found: GAVE UP. Search Stop Time: 1489766885289

  phantomjs://platform/console++.js:263 in error
[ERROR - 2017-03-17T16:08:06.946Z] Session [e2831470-0b2b-11e7-9d0e-e374ebd609f8] - page.onError - msg: [object XMLHttpRequest]

  phantomjs://platform/console++.js:263 in error
[ERROR - 2017-03-17T16:08:06.959Z] Session [e2831470-0b2b-11e7-9d0e-e374ebd609f8] - page.onError - stack:
  logError (https://static.licdn.com/sc/h/7ax58ccipdbb1pu1cuf6zz3y6,awczjqzdnc7ook6i9xiabk6jn,7adjfcooy141ftibeery01dqm:16128)

  phantomjs://platform/console++.js:263 in error
[ERROR - 2017-03-17T16:08:06.973Z] Session [e2831470-0b2b-11e7-9d0e-e374ebd609f8] - page.onError - msg: [object XMLHttpRequest]

  phantomjs://platform/console++.js:263 in error
[ERROR - 2017-03-17T16:08:06.974Z] Session [e2831470-0b2b-11e7-9d0e-e374ebd609f8] - page.onError - stack:
  logError (https://static.licdn.com/sc/h/7ax58ccipdbb1pu1cuf6zz3y6,awczjqzdnc7ook6i9xiabk6jn,7adjfcooy141ftibeery01dqm:16128)

  phantomjs://platform/console++.js:263 in error
[ERROR - 2017-03-17T16:08:08.535Z] Session [e2831470-0b2b-11e7-9d0e-e374ebd609f8] - page.onError - msg: TypeError: null is not an object (evaluating 't.originalEvent.state.path')

  phantomjs://platform/console++.js:263 in error
[ERROR - 2017-03-17T16:08:08.535Z] Session [e2831470-0b2b-11e7-9d0e-e374ebd609f8] - page.onError - stack:
  _popstateListener1 (https://static.licdn.com/sc/h/20xxe25an4ha141x9n3dslxa8:624)
  dispatch (https://static.licdn.com/sc/h/7ax58ccipdbb1pu1cuf6zz3y6,awczjqzdnc7ook6i9xiabk6jn,7adjfcooy141ftibeery01dqm:988)
  handle (https://static.licdn.com/sc/h/7ax58ccipdbb1pu1cuf6zz3y6,awczjqzdnc7ook6i9xiabk6jn,7adjfcooy141ftibeery01dqm:920)

  phantomjs://platform/console++.js:263 in error
[ERROR - 2017-03-17T16:08:08.799Z] WebElementLocator - _handleLocateCommand - Element(s) NOT Found: GAVE UP. Search Stop Time: 1489766888774

  phantomjs://platform/console++.js:263 in error
[ERROR - 2017-03-17T16:08:10.890Z] Session [e2831470-0b2b-11e7-9d0e-e374ebd609f8] - page.onError - msg: [object XMLHttpRequest]

  phantomjs://platform/console++.js:263 in error
[ERROR - 2017-03-17T16:08:10.890Z] Session [e2831470-0b2b-11e7-9d0e-e374ebd609f8] - page.onError - stack:
  logError (https://static.licdn.com/sc/h/7ax58ccipdbb1pu1cuf6zz3y6,awczjqzdnc7ook6i9xiabk6jn,7adjfcooy141ftibeery01dqm:16128)

  phantomjs://platform/console++.js:263 in error
[ERROR - 2017-03-17T16:08:10.897Z] Session [e2831470-0b2b-11e7-9d0e-e374ebd609f8] - page.onError - msg: [object XMLHttpRequest]

  phantomjs://platform/console++.js:263 in error
[ERROR - 2017-03-17T16:08:10.897Z] Session [e2831470-0b2b-11e7-9d0e-e374ebd609f8] - page.onError - stack:
  logError (https://static.licdn.com/sc/h/7ax58ccipdbb1pu1cuf6zz3y6,awczjqzdnc7ook6i9xiabk6jn,7adjfcooy141ftibeery01dqm:16128)

  phantomjs://platform/console++.js:263 in error
[ERROR - 2017-03-17T16:08:12.308Z] Session [e2831470-0b2b-11e7-9d0e-e374ebd609f8] - page.onError - msg: TypeError: null is not an object (evaluating 't.originalEvent.state.path')

  phantomjs://platform/console++.js:263 in error
[ERROR - 2017-03-17T16:08:12.308Z] Session [e2831470-0b2b-11e7-9d0e-e374ebd609f8] - page.onError - stack:
  _popstateListener1 (https://static.licdn.com/sc/h/20xxe25an4ha141x9n3dslxa8:624)
  dispatch (https://static.licdn.com/sc/h/7ax58ccipdbb1pu1cuf6zz3y6,awczjqzdnc7ook6i9xiabk6jn,7adjfcooy141ftibeery01dqm:988)
  handle (https://static.licdn.com/sc/h/7ax58ccipdbb1pu1cuf6zz3y6,awczjqzdnc7ook6i9xiabk6jn,7adjfcooy141ftibeery01dqm:920)

  phantomjs://platform/console++.js:263 in error
[ERROR - 2017-03-17T16:08:12.594Z] WebElementLocator - _handleLocateCommand - Element(s) NOT Found: GAVE UP. Search Stop Time: 1489766892575

  phantomjs://platform/console++.js:263 in error
[ERROR - 2017-03-17T16:08:13.711Z] WebElementLocator - _handleLocateCommand - Element(s) NOT Found: GAVE UP. Search Stop Time: 1489766893600

  phantomjs://platform/console++.js:263 in error
[ERROR - 2017-03-17T16:08:15.528Z] Session [e2831470-0b2b-11e7-9d0e-e374ebd609f8] - page.onError - msg: [object XMLHttpRequest]

  phantomjs://platform/console++.js:263 in error
[ERROR - 2017-03-17T16:08:15.530Z] Session [e2831470-0b2b-11e7-9d0e-e374ebd609f8] - page.onError - stack:
  logError (https://static.licdn.com/sc/h/7ax58ccipdbb1pu1cuf6zz3y6,awczjqzdnc7ook6i9xiabk6jn,7adjfcooy141ftibeery01dqm:16128)

  phantomjs://platform/console++.js:263 in error
[ERROR - 2017-03-17T16:08:16.998Z] Session [e2831470-0b2b-11e7-9d0e-e374ebd609f8] - page.onError - msg: TypeError: null is not an object (evaluating 't.originalEvent.state.path')

  phantomjs://platform/console++.js:263 in error
[ERROR - 2017-03-17T16:08:16.998Z] Session [e2831470-0b2b-11e7-9d0e-e374ebd609f8] - page.onError - stack:
  _popstateListener1 (https://static.licdn.com/sc/h/20xxe25an4ha141x9n3dslxa8:624)
  dispatch (https://static.licdn.com/sc/h/7ax58ccipdbb1pu1cuf6zz3y6,awczjqzdnc7ook6i9xiabk6jn,7adjfcooy141ftibeery01dqm:988)
  handle (https://static.licdn.com/sc/h/7ax58ccipdbb1pu1cuf6zz3y6,awczjqzdnc7ook6i9xiabk6jn,7adjfcooy141ftibeery01dqm:920)

  phantomjs://platform/console++.js:263 in error
[ERROR - 2017-03-17T16:08:17.223Z] WebElementLocator - _handleLocateCommand - Element(s) NOT Found: GAVE UP. Search Stop Time: 1489766897208

  phantomjs://platform/console++.js:263 in error
[ERROR - 2017-03-17T16:08:19.246Z] Session [e2831470-0b2b-11e7-9d0e-e374ebd609f8] - page.onError - msg: [object XMLHttpRequest]

  phantomjs://platform/console++.js:263 in error
[ERROR - 2017-03-17T16:08:19.246Z] Session [e2831470-0b2b-11e7-9d0e-e374ebd609f8] - page.onError - stack:
  logError (https://static.licdn.com/sc/h/7ax58ccipdbb1pu1cuf6zz3y6,awczjqzdnc7ook6i9xiabk6jn,7adjfcooy141ftibeery01dqm:16128)

  phantomjs://platform/console++.js:263 in error
[ERROR - 2017-03-17T16:08:19.260Z] Session [e2831470-0b2b-11e7-9d0e-e374ebd609f8] - page.onError - msg: [object XMLHttpRequest]

  phantomjs://platform/console++.js:263 in error
[ERROR - 2017-03-17T16:08:19.263Z] Session [e2831470-0b2b-11e7-9d0e-e374ebd609f8] - page.onError - stack:
  logError (https://static.licdn.com/sc/h/7ax58ccipdbb1pu1cuf6zz3y6,awczjqzdnc7ook6i9xiabk6jn,7adjfcooy141ftibeery01dqm:16128)

  phantomjs://platform/console++.js:263 in error
[ERROR - 2017-03-17T16:08:20.407Z] Session [e2831470-0b2b-11e7-9d0e-e374ebd609f8] - page.onError - msg: TypeError: null is not an object (evaluating 't.originalEvent.state.path')

  phantomjs://platform/console++.js:263 in error
[ERROR - 2017-03-17T16:08:20.408Z] Session [e2831470-0b2b-11e7-9d0e-e374ebd609f8] - page.onError - stack:
  _popstateListener1 (https://static.licdn.com/sc/h/20xxe25an4ha141x9n3dslxa8:624)
  dispatch (https://static.licdn.com/sc/h/7ax58ccipdbb1pu1cuf6zz3y6,awczjqzdnc7ook6i9xiabk6jn,7adjfcooy141ftibeery01dqm:988)
  handle (https://static.licdn.com/sc/h/7ax58ccipdbb1pu1cuf6zz3y6,awczjqzdnc7ook6i9xiabk6jn,7adjfcooy141ftibeery01dqm:920)

  phantomjs://platform/console++.js:263 in error
[ERROR - 2017-03-17T16:08:20.725Z] WebElementLocator - _handleLocateCommand - Element(s) NOT Found: GAVE UP. Search Stop Time: 1489766900708

  phantomjs://platform/console++.js:263 in error
[ERROR - 2017-03-17T16:08:21.687Z] WebElementLocator - _handleLocateCommand - Element(s) NOT Found: GAVE UP. Search Stop Time: 1489766901670

  phantomjs://platform/console++.js:263 in error
[ERROR - 2017-03-17T16:08:22.582Z] WebElementLocator - _handleLocateCommand - Element(s) NOT Found: GAVE UP. Search Stop Time: 1489766902547

  phantomjs://platform/console++.js:263 in error
[ERROR - 2017-03-17T16:08:23.480Z] WebElementLocator - _handleLocateCommand - Element(s) NOT Found: GAVE UP. Search Stop Time: 1489766903449

  phantomjs://platform/console++.js:263 in error
[ERROR - 2017-03-17T16:08:24.369Z] WebElementLocator - _handleLocateCommand - Element(s) NOT Found: GAVE UP. Search Stop Time: 1489766904339

  phantomjs://platform/console++.js:263 in error
[ERROR - 2017-03-17T16:08:25.256Z] WebElementLocator - _handleLocateCommand - Element(s) NOT Found: GAVE UP. Search Stop Time: 1489766905226

  phantomjs://platform/console++.js:263 in error
[ERROR - 2017-03-17T16:08:26.146Z] WebElementLocator - _handleLocateCommand - Element(s) NOT Found: GAVE UP. Search Stop Time: 1489766906124

  phantomjs://platform/console++.js:263 in error
[ERROR - 2017-03-17T16:08:27.045Z] WebElementLocator - _handleLocateCommand - Element(s) NOT Found: GAVE UP. Search Stop Time: 1489766907016

  phantomjs://platform/console++.js:263 in error
[ERROR - 2017-03-17T16:08:27.942Z] WebElementLocator - _handleLocateCommand - Element(s) NOT Found: GAVE UP. Search Stop Time: 1489766907910

  phantomjs://platform/console++.js:263 in error
[ERROR - 2017-03-17T16:08:28.825Z] WebElementLocator - _handleLocateCommand - Element(s) NOT Found: GAVE UP. Search Stop Time: 1489766908800

  phantomjs://platform/console++.js:263 in error
[ERROR - 2017-03-17T16:08:29.710Z] WebElementLocator - _handleLocateCommand - Element(s) NOT Found: GAVE UP. Search Stop Time: 1489766909685

  phantomjs://platform/console++.js:263 in error
[ERROR - 2017-03-17T16:08:30.594Z] WebElementLocator - _handleLocateCommand - Element(s) NOT Found: GAVE UP. Search Stop Time: 1489766910569

  phantomjs://platform/console++.js:263 in error
[ERROR - 2017-03-17T16:08:31.483Z] WebElementLocator - _handleLocateCommand - Element(s) NOT Found: GAVE UP. Search Stop Time: 1489766911466

  phantomjs://platform/console++.js:263 in error
[ERROR - 2017-03-17T16:08:32.372Z] WebElementLocator - _handleLocateCommand - Element(s) NOT Found: GAVE UP. Search Stop Time: 1489766912342

  phantomjs://platform/console++.js:263 in error
[ERROR - 2017-03-17T16:08:33.260Z] WebElementLocator - _handleLocateCommand - Element(s) NOT Found: GAVE UP. Search Stop Time: 1489766913238

  phantomjs://platform/console++.js:263 in error
[ERROR - 2017-03-17T16:08:34.142Z] WebElementLocator - _handleLocateCommand - Element(s) NOT Found: GAVE UP. Search Stop Time: 1489766914125

  phantomjs://platform/console++.js:263 in error
[ERROR - 2017-03-17T16:08:35.032Z] WebElementLocator - _handleLocateCommand - Element(s) NOT Found: GAVE UP. Search Stop Time: 1489766915015

  phantomjs://platform/console++.js:263 in error
[ERROR - 2017-03-17T16:08:35.920Z] WebElementLocator - _handleLocateCommand - Element(s) NOT Found: GAVE UP. Search Stop Time: 1489766915902

  phantomjs://platform/console++.js:263 in error
[ERROR - 2017-03-17T16:08:36.803Z] WebElementLocator - _handleLocateCommand - Element(s) NOT Found: GAVE UP. Search Stop Time: 1489766916786

  phantomjs://platform/console++.js:263 in error
[ERROR - 2017-03-17T16:08:37.695Z] WebElementLocator - _handleLocateCommand - Element(s) NOT Found: GAVE UP. Search Stop Time: 1489766917675

  phantomjs://platform/console++.js:263 in error
[ERROR - 2017-03-17T16:08:38.611Z] WebElementLocator - _handleLocateCommand - Element(s) NOT Found: GAVE UP. Search Stop Time: 1489766918559

  phantomjs://platform/console++.js:263 in error
[ERROR - 2017-03-17T16:08:39.501Z] WebElementLocator - _handleLocateCommand - Element(s) NOT Found: GAVE UP. Search Stop Time: 1489766919478

  phantomjs://platform/console++.js:263 in error
[ERROR - 2017-03-17T16:08:40.392Z] WebElementLocator - _handleLocateCommand - Element(s) NOT Found: GAVE UP. Search Stop Time: 1489766920373

  phantomjs://platform/console++.js:263 in error
[ERROR - 2017-03-17T16:08:41.283Z] WebElementLocator - _handleLocateCommand - Element(s) NOT Found: GAVE UP. Search Stop Time: 1489766921262

  phantomjs://platform/console++.js:263 in error
[ERROR - 2017-03-17T16:08:42.168Z] WebElementLocator - _handleLocateCommand - Element(s) NOT Found: GAVE UP. Search Stop Time: 1489766922149

  phantomjs://platform/console++.js:263 in error
[ERROR - 2017-03-17T16:08:43.057Z] WebElementLocator - _handleLocateCommand - Element(s) NOT Found: GAVE UP. Search Stop Time: 1489766923031

  phantomjs://platform/console++.js:263 in error
[ERROR - 2017-03-17T16:08:43.929Z] WebElementLocator - _handleLocateCommand - Element(s) NOT Found: GAVE UP. Search Stop Time: 1489766923913

  phantomjs://platform/console++.js:263 in error
[ERROR - 2017-03-17T16:08:44.820Z] WebElementLocator - _handleLocateCommand - Element(s) NOT Found: GAVE UP. Search Stop Time: 1489766924788

  phantomjs://platform/console++.js:263 in error
[ERROR - 2017-03-17T16:08:45.726Z] WebElementLocator - _handleLocateCommand - Element(s) NOT Found: GAVE UP. Search Stop Time: 1489766925689

  phantomjs://platform/console++.js:263 in error
[ERROR - 2017-03-17T16:08:46.617Z] WebElementLocator - _handleLocateCommand - Element(s) NOT Found: GAVE UP. Search Stop Time: 1489766926594

  phantomjs://platform/console++.js:263 in error
[ERROR - 2017-03-17T16:08:47.515Z] WebElementLocator - _handleLocateCommand - Element(s) NOT Found: GAVE UP. Search Stop Time: 1489766927484

  phantomjs://platform/console++.js:263 in error
[ERROR - 2017-03-17T16:08:48.413Z] WebElementLocator - _handleLocateCommand - Element(s) NOT Found: GAVE UP. Search Stop Time: 1489766928372

  phantomjs://platform/console++.js:263 in error
[ERROR - 2017-03-17T16:08:49.305Z] WebElementLocator - _handleLocateCommand - Element(s) NOT Found: GAVE UP. Search Stop Time: 1489766929277

  phantomjs://platform/console++.js:263 in error
[ERROR - 2017-03-17T16:08:50.194Z] WebElementLocator - _handleLocateCommand - Element(s) NOT Found: GAVE UP. Search Stop Time: 1489766930171

  phantomjs://platform/console++.js:263 in error
[ERROR - 2017-03-17T16:08:51.071Z] WebElementLocator - _handleLocateCommand - Element(s) NOT Found: GAVE UP. Search Stop Time: 1489766931051

  phantomjs://platform/console++.js:263 in error
[ERROR - 2017-03-17T16:08:51.954Z] WebElementLocator - _handleLocateCommand - Element(s) NOT Found: GAVE UP. Search Stop Time: 1489766931938

  phantomjs://platform/console++.js:263 in error
[ERROR - 2017-03-17T16:08:52.840Z] WebElementLocator - _handleLocateCommand - Element(s) NOT Found: GAVE UP. Search Stop Time: 1489766932823

  phantomjs://platform/console++.js:263 in error
[ERROR - 2017-03-17T16:08:53.732Z] WebElementLocator - _handleLocateCommand - Element(s) NOT Found: GAVE UP. Search Stop Time: 1489766933710

  phantomjs://platform/console++.js:263 in error
[ERROR - 2017-03-17T16:08:54.632Z] WebElementLocator - _handleLocateCommand - Element(s) NOT Found: GAVE UP. Search Stop Time: 1489766934613

  phantomjs://platform/console++.js:263 in error
[ERROR - 2017-03-17T16:08:55.532Z] WebElementLocator - _handleLocateCommand - Element(s) NOT Found: GAVE UP. Search Stop Time: 1489766935500

  phantomjs://platform/console++.js:263 in error
[ERROR - 2017-03-17T16:08:56.432Z] WebElementLocator - _handleLocateCommand - Element(s) NOT Found: GAVE UP. Search Stop Time: 1489766936414

  phantomjs://platform/console++.js:263 in error
[ERROR - 2017-03-17T16:08:57.316Z] WebElementLocator - _handleLocateCommand - Element(s) NOT Found: GAVE UP. Search Stop Time: 1489766937299

  phantomjs://platform/console++.js:263 in error
[ERROR - 2017-03-17T16:08:58.213Z] WebElementLocator - _handleLocateCommand - Element(s) NOT Found: GAVE UP. Search Stop Time: 1489766938183

  phantomjs://platform/console++.js:263 in error
[ERROR - 2017-03-17T16:08:59.093Z] WebElementLocator - _handleLocateCommand - Element(s) NOT Found: GAVE UP. Search Stop Time: 1489766939074

  phantomjs://platform/console++.js:263 in error
[ERROR - 2017-03-17T16:08:59.985Z] WebElementLocator - _handleLocateCommand - Element(s) NOT Found: GAVE UP. Search Stop Time: 1489766939964

  phantomjs://platform/console++.js:263 in error
[ERROR - 2017-03-17T16:09:00.860Z] WebElementLocator - _handleLocateCommand - Element(s) NOT Found: GAVE UP. Search Stop Time: 1489766940841

  phantomjs://platform/console++.js:263 in error
[ERROR - 2017-03-17T16:09:01.776Z] WebElementLocator - _handleLocateCommand - Element(s) NOT Found: GAVE UP. Search Stop Time: 1489766941722

  phantomjs://platform/console++.js:263 in error
[ERROR - 2017-03-17T16:09:02.760Z] WebElementLocator - _handleLocateCommand - Element(s) NOT Found: GAVE UP. Search Stop Time: 1489766942744

  phantomjs://platform/console++.js:263 in error
[ERROR - 2017-03-17T16:09:03.643Z] WebElementLocator - _handleLocateCommand - Element(s) NOT Found: GAVE UP. Search Stop Time: 1489766943621

  phantomjs://platform/console++.js:263 in error
[ERROR - 2017-03-17T16:09:04.547Z] WebElementLocator - _handleLocateCommand - Element(s) NOT Found: GAVE UP. Search Stop Time: 1489766944525

  phantomjs://platform/console++.js:263 in error
[ERROR - 2017-03-17T16:09:05.438Z] WebElementLocator - _handleLocateCommand - Element(s) NOT Found: GAVE UP. Search Stop Time: 1489766945424

  phantomjs://platform/console++.js:263 in error
[ERROR - 2017-03-17T16:09:07.244Z] Session [e2831470-0b2b-11e7-9d0e-e374ebd609f8] - page.onError - msg: [object XMLHttpRequest]

  phantomjs://platform/console++.js:263 in error
[ERROR - 2017-03-17T16:09:07.245Z] Session [e2831470-0b2b-11e7-9d0e-e374ebd609f8] - page.onError - stack:
  logError (https://static.licdn.com/sc/h/7ax58ccipdbb1pu1cuf6zz3y6,awczjqzdnc7ook6i9xiabk6jn,7adjfcooy141ftibeery01dqm:16128)

  phantomjs://platform/console++.js:263 in error
[ERROR - 2017-03-17T16:09:07.261Z] Session [e2831470-0b2b-11e7-9d0e-e374ebd609f8] - page.onError - msg: [object XMLHttpRequest]

  phantomjs://platform/console++.js:263 in error
[ERROR - 2017-03-17T16:09:07.262Z] Session [e2831470-0b2b-11e7-9d0e-e374ebd609f8] - page.onError - stack:
  logError (https://static.licdn.com/sc/h/7ax58ccipdbb1pu1cuf6zz3y6,awczjqzdnc7ook6i9xiabk6jn,7adjfcooy141ftibeery01dqm:16128)

  phantomjs://platform/console++.js:263 in error
[ERROR - 2017-03-17T16:09:09.212Z] WebElementLocator - _handleLocateCommand - Element(s) NOT Found: GAVE UP. Search Stop Time: 1489766948928

  phantomjs://platform/console++.js:263 in error
[ERROR - 2017-03-17T16:09:10.672Z] WebElementLocator - _handleLocateCommand - Element(s) NOT Found: GAVE UP. Search Stop Time: 1489766950164

  phantomjs://platform/console++.js:263 in error
[ERROR - 2017-03-17T16:09:11.635Z] Session [e2831470-0b2b-11e7-9d0e-e374ebd609f8] - page.onError - msg: formatName called with invalid personalName object; missing "lastName" field.

  phantomjs://platform/console++.js:263 in error
[ERROR - 2017-03-17T16:09:11.636Z] Session [e2831470-0b2b-11e7-9d0e-e374ebd609f8] - page.onError - stack:
  (anonymous function) (https://static.licdn.com/sc/h/7ax58ccipdbb1pu1cuf6zz3y6,awczjqzdnc7ook6i9xiabk6jn,7adjfcooy141ftibeery01dqm:15653)

  phantomjs://platform/console++.js:263 in error
[ERROR - 2017-03-17T16:09:11.937Z] Session [e2831470-0b2b-11e7-9d0e-e374ebd609f8] - page.onError - msg: [object XMLHttpRequest]

  phantomjs://platform/console++.js:263 in error
[ERROR - 2017-03-17T16:09:11.938Z] Session [e2831470-0b2b-11e7-9d0e-e374ebd609f8] - page.onError - stack:
  logError (https://static.licdn.com/sc/h/7ax58ccipdbb1pu1cuf6zz3y6,awczjqzdnc7ook6i9xiabk6jn,7adjfcooy141ftibeery01dqm:16128)

  phantomjs://platform/console++.js:263 in error
[ERROR - 2017-03-17T16:09:11.941Z] Session [e2831470-0b2b-11e7-9d0e-e374ebd609f8] - page.onError - msg: [object XMLHttpRequest]

  phantomjs://platform/console++.js:263 in error
[ERROR - 2017-03-17T16:09:11.941Z] Session [e2831470-0b2b-11e7-9d0e-e374ebd609f8] - page.onError - stack:
  logError (https://static.licdn.com/sc/h/7ax58ccipdbb1pu1cuf6zz3y6,awczjqzdnc7ook6i9xiabk6jn,7adjfcooy141ftibeery01dqm:16128)

  phantomjs://platform/console++.js:263 in error
[ERROR - 2017-03-17T16:09:13.046Z] Session [e2831470-0b2b-11e7-9d0e-e374ebd609f8] - page.onError - msg: TypeError: null is not an object (evaluating 't.originalEvent.state.path')

  phantomjs://platform/console++.js:263 in error
[ERROR - 2017-03-17T16:09:13.046Z] Session [e2831470-0b2b-11e7-9d0e-e374ebd609f8] - page.onError - stack:
  _popstateListener1 (https://static.licdn.com/sc/h/20xxe25an4ha141x9n3dslxa8:624)
  dispatch (https://static.licdn.com/sc/h/7ax58ccipdbb1pu1cuf6zz3y6,awczjqzdnc7ook6i9xiabk6jn,7adjfcooy141ftibeery01dqm:988)
  handle (https://static.licdn.com/sc/h/7ax58ccipdbb1pu1cuf6zz3y6,awczjqzdnc7ook6i9xiabk6jn,7adjfcooy141ftibeery01dqm:920)

  phantomjs://platform/console++.js:263 in error
[ERROR - 2017-03-17T16:09:13.344Z] WebElementLocator - _handleLocateCommand - Element(s) NOT Found: GAVE UP. Search Stop Time: 1489766953328

  phantomjs://platform/console++.js:263 in error
[ERROR - 2017-03-17T16:09:14.259Z] Session [e2831470-0b2b-11e7-9d0e-e374ebd609f8] - page.onError - msg: formatName called with invalid personalName object; missing "lastName" field.

  phantomjs://platform/console++.js:263 in error
[ERROR - 2017-03-17T16:09:14.259Z] Session [e2831470-0b2b-11e7-9d0e-e374ebd609f8] - page.onError - stack:
  (anonymous function) (https://static.licdn.com/sc/h/7ax58ccipdbb1pu1cuf6zz3y6,awczjqzdnc7ook6i9xiabk6jn,7adjfcooy141ftibeery01dqm:15653)

  phantomjs://platform/console++.js:263 in error
[ERROR - 2017-03-17T16:09:14.278Z] Session [e2831470-0b2b-11e7-9d0e-e374ebd609f8] - page.onError - msg: formatName called with invalid personalName object; missing "lastName" field.

  phantomjs://platform/console++.js:263 in error
[ERROR - 2017-03-17T16:09:14.278Z] Session [e2831470-0b2b-11e7-9d0e-e374ebd609f8] - page.onError - stack:
  (anonymous function) (https://static.licdn.com/sc/h/7ax58ccipdbb1pu1cuf6zz3y6,awczjqzdnc7ook6i9xiabk6jn,7adjfcooy141ftibeery01dqm:15653)

  phantomjs://platform/console++.js:263 in error
[ERROR - 2017-03-17T16:09:14.296Z] Session [e2831470-0b2b-11e7-9d0e-e374ebd609f8] - page.onError - msg: formatName called with invalid personalName object; missing "lastName" field.

  phantomjs://platform/console++.js:263 in error
[ERROR - 2017-03-17T16:09:14.296Z] Session [e2831470-0b2b-11e7-9d0e-e374ebd609f8] - page.onError - stack:
  (anonymous function) (https://static.licdn.com/sc/h/7ax58ccipdbb1pu1cuf6zz3y6,awczjqzdnc7ook6i9xiabk6jn,7adjfcooy141ftibeery01dqm:15653)

  phantomjs://platform/console++.js:263 in error
[ERROR - 2017-03-17T16:09:14.306Z] Session [e2831470-0b2b-11e7-9d0e-e374ebd609f8] - page.onError - msg: formatName called with invalid personalName object; missing "lastName" field.

  phantomjs://platform/console++.js:263 in error
[ERROR - 2017-03-17T16:09:14.306Z] Session [e2831470-0b2b-11e7-9d0e-e374ebd609f8] - page.onError - stack:
  (anonymous function) (https://static.licdn.com/sc/h/7ax58ccipdbb1pu1cuf6zz3y6,awczjqzdnc7ook6i9xiabk6jn,7adjfcooy141ftibeery01dqm:15653)

  phantomjs://platform/console++.js:263 in error
[ERROR - 2017-03-17T16:09:14.318Z] Session [e2831470-0b2b-11e7-9d0e-e374ebd609f8] - page.onError - msg: formatName called with invalid personalName object; missing "lastName" field.

  phantomjs://platform/console++.js:263 in error
[ERROR - 2017-03-17T16:09:14.318Z] Session [e2831470-0b2b-11e7-9d0e-e374ebd609f8] - page.onError - stack:
  (anonymous function) (https://static.licdn.com/sc/h/7ax58ccipdbb1pu1cuf6zz3y6,awczjqzdnc7ook6i9xiabk6jn,7adjfcooy141ftibeery01dqm:15653)

  phantomjs://platform/console++.js:263 in error
[ERROR - 2017-03-17T16:09:14.335Z] Session [e2831470-0b2b-11e7-9d0e-e374ebd609f8] - page.onError - msg: formatName called with invalid personalName object; missing "lastName" field.

  phantomjs://platform/console++.js:263 in error
[ERROR - 2017-03-17T16:09:14.335Z] Session [e2831470-0b2b-11e7-9d0e-e374ebd609f8] - page.onError - stack:
  (anonymous function) (https://static.licdn.com/sc/h/7ax58ccipdbb1pu1cuf6zz3y6,awczjqzdnc7ook6i9xiabk6jn,7adjfcooy141ftibeery01dqm:15653)

  phantomjs://platform/console++.js:263 in error
[ERROR - 2017-03-17T16:09:14.638Z] Session [e2831470-0b2b-11e7-9d0e-e374ebd609f8] - page.onError - msg: formatName called with invalid personalName object; missing "lastName" field.

  phantomjs://platform/console++.js:263 in error
[ERROR - 2017-03-17T16:09:14.638Z] Session [e2831470-0b2b-11e7-9d0e-e374ebd609f8] - page.onError - stack:
  (anonymous function) (https://static.licdn.com/sc/h/7ax58ccipdbb1pu1cuf6zz3y6,awczjqzdnc7ook6i9xiabk6jn,7adjfcooy141ftibeery01dqm:15653)

  phantomjs://platform/console++.js:263 in error
[ERROR - 2017-03-17T16:09:14.663Z] Session [e2831470-0b2b-11e7-9d0e-e374ebd609f8] - page.onError - msg: formatName called with invalid personalName object; missing "lastName" field.

  phantomjs://platform/console++.js:263 in error
[ERROR - 2017-03-17T16:09:14.664Z] Session [e2831470-0b2b-11e7-9d0e-e374ebd609f8] - page.onError - stack:
  (anonymous function) (https://static.licdn.com/sc/h/7ax58ccipdbb1pu1cuf6zz3y6,awczjqzdnc7ook6i9xiabk6jn,7adjfcooy141ftibeery01dqm:15653)

  phantomjs://platform/console++.js:263 in error
[ERROR - 2017-03-17T16:09:14.920Z] Session [e2831470-0b2b-11e7-9d0e-e374ebd609f8] - page.onError - msg: [object XMLHttpRequest]

  phantomjs://platform/console++.js:263 in error
[ERROR - 2017-03-17T16:09:14.920Z] Session [e2831470-0b2b-11e7-9d0e-e374ebd609f8] - page.onError - stack:
  logError (https://static.licdn.com/sc/h/7ax58ccipdbb1pu1cuf6zz3y6,awczjqzdnc7ook6i9xiabk6jn,7adjfcooy141ftibeery01dqm:16128)

  phantomjs://platform/console++.js:263 in error
[ERROR - 2017-03-17T16:09:14.923Z] Session [e2831470-0b2b-11e7-9d0e-e374ebd609f8] - page.onError - msg: [object XMLHttpRequest]

  phantomjs://platform/console++.js:263 in error
[ERROR - 2017-03-17T16:09:14.923Z] Session [e2831470-0b2b-11e7-9d0e-e374ebd609f8] - page.onError - stack:
  logError (https://static.licdn.com/sc/h/7ax58ccipdbb1pu1cuf6zz3y6,awczjqzdnc7ook6i9xiabk6jn,7adjfcooy141ftibeery01dqm:16128)

  phantomjs://platform/console++.js:263 in error
[ERROR - 2017-03-17T16:09:16.229Z] Session [e2831470-0b2b-11e7-9d0e-e374ebd609f8] - page.onError - msg: TypeError: null is not an object (evaluating 't.originalEvent.state.path')

  phantomjs://platform/console++.js:263 in error
[ERROR - 2017-03-17T16:09:16.230Z] Session [e2831470-0b2b-11e7-9d0e-e374ebd609f8] - page.onError - stack:
  _popstateListener1 (https://static.licdn.com/sc/h/20xxe25an4ha141x9n3dslxa8:624)
  dispatch (https://static.licdn.com/sc/h/7ax58ccipdbb1pu1cuf6zz3y6,awczjqzdnc7ook6i9xiabk6jn,7adjfcooy141ftibeery01dqm:988)
  handle (https://static.licdn.com/sc/h/7ax58ccipdbb1pu1cuf6zz3y6,awczjqzdnc7ook6i9xiabk6jn,7adjfcooy141ftibeery01dqm:920)

  phantomjs://platform/console++.js:263 in error
[ERROR - 2017-03-17T16:09:16.455Z] WebElementLocator - _handleLocateCommand - Element(s) NOT Found: GAVE UP. Search Stop Time: 1489766956437

  phantomjs://platform/console++.js:263 in error
[ERROR - 2017-03-17T16:09:17.331Z] WebElementLocator - _handleLocateCommand - Element(s) NOT Found: GAVE UP. Search Stop Time: 1489766957316

  phantomjs://platform/console++.js:263 in error
[ERROR - 2017-03-17T16:09:18.350Z] Session [e2831470-0b2b-11e7-9d0e-e374ebd609f8] - page.onError - msg: formatName called with invalid personalName object; missing "lastName" field.

  phantomjs://platform/console++.js:263 in error
[ERROR - 2017-03-17T16:09:18.350Z] Session [e2831470-0b2b-11e7-9d0e-e374ebd609f8] - page.onError - stack:
  (anonymous function) (https://static.licdn.com/sc/h/7ax58ccipdbb1pu1cuf6zz3y6,awczjqzdnc7ook6i9xiabk6jn,7adjfcooy141ftibeery01dqm:15653)

  phantomjs://platform/console++.js:263 in error
[ERROR - 2017-03-17T16:09:18.762Z] Session [e2831470-0b2b-11e7-9d0e-e374ebd609f8] - page.onError - msg: [object XMLHttpRequest]

  phantomjs://platform/console++.js:263 in error
[ERROR - 2017-03-17T16:09:18.762Z] Session [e2831470-0b2b-11e7-9d0e-e374ebd609f8] - page.onError - stack:
  logError (https://static.licdn.com/sc/h/7ax58ccipdbb1pu1cuf6zz3y6,awczjqzdnc7ook6i9xiabk6jn,7adjfcooy141ftibeery01dqm:16128)

  phantomjs://platform/console++.js:263 in error
[ERROR - 2017-03-17T16:09:18.765Z] Session [e2831470-0b2b-11e7-9d0e-e374ebd609f8] - page.onError - msg: [object XMLHttpRequest]

  phantomjs://platform/console++.js:263 in error
[ERROR - 2017-03-17T16:09:18.765Z] Session [e2831470-0b2b-11e7-9d0e-e374ebd609f8] - page.onError - stack:
  logError (https://static.licdn.com/sc/h/7ax58ccipdbb1pu1cuf6zz3y6,awczjqzdnc7ook6i9xiabk6jn,7adjfcooy141ftibeery01dqm:16128)

  phantomjs://platform/console++.js:263 in error
[ERROR - 2017-03-17T16:09:20.317Z] WebElementLocator - _handleLocateCommand - Element(s) NOT Found: GAVE UP. Search Stop Time: 1489766960300

  phantomjs://platform/console++.js:263 in error
[ERROR - 2017-03-17T16:09:21.284Z] WebElementLocator - _handleLocateCommand - Element(s) NOT Found: GAVE UP. Search Stop Time: 1489766961231

  phantomjs://platform/console++.js:263 in error
[ERROR - 2017-03-17T16:09:22.394Z] WebElementLocator - _handleLocateCommand - Element(s) NOT Found: GAVE UP. Search Stop Time: 1489766962196

  phantomjs://platform/console++.js:263 in error
[ERROR - 2017-03-17T16:09:23.472Z] WebElementLocator - _handleLocateCommand - Element(s) NOT Found: GAVE UP. Search Stop Time: 1489766963444

  phantomjs://platform/console++.js:263 in error
[ERROR - 2017-03-17T16:09:24.521Z] WebElementLocator - _handleLocateCommand - Element(s) NOT Found: GAVE UP. Search Stop Time: 1489766964493

  phantomjs://platform/console++.js:263 in error
[ERROR - 2017-03-17T16:09:25.587Z] WebElementLocator - _handleLocateCommand - Element(s) NOT Found: GAVE UP. Search Stop Time: 1489766965560

  phantomjs://platform/console++.js:263 in error
[ERROR - 2017-03-17T16:09:26.663Z] WebElementLocator - _handleLocateCommand - Element(s) NOT Found: GAVE UP. Search Stop Time: 1489766966630

  phantomjs://platform/console++.js:263 in error
[ERROR - 2017-03-17T16:09:27.725Z] WebElementLocator - _handleLocateCommand - Element(s) NOT Found: GAVE UP. Search Stop Time: 1489766967688

  phantomjs://platform/console++.js:263 in error
[ERROR - 2017-03-17T16:09:28.777Z] WebElementLocator - _handleLocateCommand - Element(s) NOT Found: GAVE UP. Search Stop Time: 1489766968743

  phantomjs://platform/console++.js:263 in error
[ERROR - 2017-03-17T16:09:29.865Z] WebElementLocator - _handleLocateCommand - Element(s) NOT Found: GAVE UP. Search Stop Time: 1489766969833

  phantomjs://platform/console++.js:263 in error
[ERROR - 2017-03-17T16:09:30.975Z] WebElementLocator - _handleLocateCommand - Element(s) NOT Found: GAVE UP. Search Stop Time: 1489766970937

  phantomjs://platform/console++.js:263 in error
[ERROR - 2017-03-17T16:09:32.072Z] WebElementLocator - _handleLocateCommand - Element(s) NOT Found: GAVE UP. Search Stop Time: 1489766972032

  phantomjs://platform/console++.js:263 in error
[ERROR - 2017-03-17T16:09:33.124Z] WebElementLocator - _handleLocateCommand - Element(s) NOT Found: GAVE UP. Search Stop Time: 1489766973097

  phantomjs://platform/console++.js:263 in error
[ERROR - 2017-03-17T16:09:34.185Z] WebElementLocator - _handleLocateCommand - Element(s) NOT Found: GAVE UP. Search Stop Time: 1489766974158

  phantomjs://platform/console++.js:263 in error
[ERROR - 2017-03-17T16:09:35.237Z] WebElementLocator - _handleLocateCommand - Element(s) NOT Found: GAVE UP. Search Stop Time: 1489766975217

  phantomjs://platform/console++.js:263 in error
[ERROR - 2017-03-17T16:09:36.290Z] WebElementLocator - _handleLocateCommand - Element(s) NOT Found: GAVE UP. Search Stop Time: 1489766976260

  phantomjs://platform/console++.js:263 in error
[ERROR - 2017-03-17T16:09:37.341Z] WebElementLocator - _handleLocateCommand - Element(s) NOT Found: GAVE UP. Search Stop Time: 1489766977315

  phantomjs://platform/console++.js:263 in error
[ERROR - 2017-03-17T16:09:38.427Z] WebElementLocator - _handleLocateCommand - Element(s) NOT Found: GAVE UP. Search Stop Time: 1489766978399

  phantomjs://platform/console++.js:263 in error
[ERROR - 2017-03-17T16:09:39.479Z] WebElementLocator - _handleLocateCommand - Element(s) NOT Found: GAVE UP. Search Stop Time: 1489766979457

  phantomjs://platform/console++.js:263 in error
[ERROR - 2017-03-17T16:09:40.551Z] WebElementLocator - _handleLocateCommand - Element(s) NOT Found: GAVE UP. Search Stop Time: 1489766980510

  phantomjs://platform/console++.js:263 in error
[ERROR - 2017-03-17T16:09:41.603Z] WebElementLocator - _handleLocateCommand - Element(s) NOT Found: GAVE UP. Search Stop Time: 1489766981574

  phantomjs://platform/console++.js:263 in error
[ERROR - 2017-03-17T16:09:42.669Z] WebElementLocator - _handleLocateCommand - Element(s) NOT Found: GAVE UP. Search Stop Time: 1489766982633

  phantomjs://platform/console++.js:263 in error
[ERROR - 2017-03-17T16:09:43.733Z] WebElementLocator - _handleLocateCommand - Element(s) NOT Found: GAVE UP. Search Stop Time: 1489766983704

  phantomjs://platform/console++.js:263 in error
[ERROR - 2017-03-17T16:09:44.781Z] WebElementLocator - _handleLocateCommand - Element(s) NOT Found: GAVE UP. Search Stop Time: 1489766984759

  phantomjs://platform/console++.js:263 in error
[ERROR - 2017-03-17T16:09:45.834Z] WebElementLocator - _handleLocateCommand - Element(s) NOT Found: GAVE UP. Search Stop Time: 1489766985814

  phantomjs://platform/console++.js:263 in error
[ERROR - 2017-03-17T16:09:46.885Z] WebElementLocator - _handleLocateCommand - Element(s) NOT Found: GAVE UP. Search Stop Time: 1489766986863

  phantomjs://platform/console++.js:263 in error
[ERROR - 2017-03-17T16:09:47.932Z] WebElementLocator - _handleLocateCommand - Element(s) NOT Found: GAVE UP. Search Stop Time: 1489766987903

  phantomjs://platform/console++.js:263 in error
[ERROR - 2017-03-17T16:09:49.012Z] WebElementLocator - _handleLocateCommand - Element(s) NOT Found: GAVE UP. Search Stop Time: 1489766988975

  phantomjs://platform/console++.js:263 in error
[ERROR - 2017-03-17T16:09:50.073Z] WebElementLocator - _handleLocateCommand - Element(s) NOT Found: GAVE UP. Search Stop Time: 1489766990033

  phantomjs://platform/console++.js:263 in error
[ERROR - 2017-03-17T16:09:51.118Z] WebElementLocator - _handleLocateCommand - Element(s) NOT Found: GAVE UP. Search Stop Time: 1489766991076

  phantomjs://platform/console++.js:263 in error
[ERROR - 2017-03-17T16:09:52.174Z] WebElementLocator - _handleLocateCommand - Element(s) NOT Found: GAVE UP. Search Stop Time: 1489766992151

  phantomjs://platform/console++.js:263 in error
[ERROR - 2017-03-17T16:09:53.241Z] WebElementLocator - _handleLocateCommand - Element(s) NOT Found: GAVE UP. Search Stop Time: 1489766993215

  phantomjs://platform/console++.js:263 in error
[ERROR - 2017-03-17T16:09:54.278Z] WebElementLocator - _handleLocateCommand - Element(s) NOT Found: GAVE UP. Search Stop Time: 1489766994260

  phantomjs://platform/console++.js:263 in error
[ERROR - 2017-03-17T16:09:55.348Z] WebElementLocator - _handleLocateCommand - Element(s) NOT Found: GAVE UP. Search Stop Time: 1489766995315

  phantomjs://platform/console++.js:263 in error
[ERROR - 2017-03-17T16:09:56.430Z] WebElementLocator - _handleLocateCommand - Element(s) NOT Found: GAVE UP. Search Stop Time: 1489766996403

  phantomjs://platform/console++.js:263 in error
[ERROR - 2017-03-17T16:09:57.505Z] WebElementLocator - _handleLocateCommand - Element(s) NOT Found: GAVE UP. Search Stop Time: 1489766997471

  phantomjs://platform/console++.js:263 in error
[ERROR - 2017-03-17T16:09:58.571Z] WebElementLocator - _handleLocateCommand - Element(s) NOT Found: GAVE UP. Search Stop Time: 1489766998539

  phantomjs://platform/console++.js:263 in error
[ERROR - 2017-03-17T16:09:59.652Z] WebElementLocator - _handleLocateCommand - Element(s) NOT Found: GAVE UP. Search Stop Time: 1489766999619

  phantomjs://platform/console++.js:263 in error
[ERROR - 2017-03-17T16:10:00.796Z] WebElementLocator - _handleLocateCommand - Element(s) NOT Found: GAVE UP. Search Stop Time: 1489767000764

  phantomjs://platform/console++.js:263 in error
[ERROR - 2017-03-17T16:10:01.873Z] WebElementLocator - _handleLocateCommand - Element(s) NOT Found: GAVE UP. Search Stop Time: 1489767001830

  phantomjs://platform/console++.js:263 in error
[ERROR - 2017-03-17T16:10:03.061Z] WebElementLocator - _handleLocateCommand - Element(s) NOT Found: GAVE UP. Search Stop Time: 1489767003027

  phantomjs://platform/console++.js:263 in error
[ERROR - 2017-03-17T16:10:04.119Z] WebElementLocator - _handleLocateCommand - Element(s) NOT Found: GAVE UP. Search Stop Time: 1489767004090

  phantomjs://platform/console++.js:263 in error
[ERROR - 2017-03-17T16:10:05.163Z] WebElementLocator - _handleLocateCommand - Element(s) NOT Found: GAVE UP. Search Stop Time: 1489767005125

  phantomjs://platform/console++.js:263 in error
[ERROR - 2017-03-17T16:10:06.227Z] WebElementLocator - _handleLocateCommand - Element(s) NOT Found: GAVE UP. Search Stop Time: 1489767006200

  phantomjs://platform/console++.js:263 in error
[ERROR - 2017-03-17T16:10:07.304Z] WebElementLocator - _handleLocateCommand - Element(s) NOT Found: GAVE UP. Search Stop Time: 1489767007271

  phantomjs://platform/console++.js:263 in error
[ERROR - 2017-03-17T16:10:08.489Z] WebElementLocator - _handleLocateCommand - Element(s) NOT Found: GAVE UP. Search Stop Time: 1489767008468

  phantomjs://platform/console++.js:263 in error
[ERROR - 2017-03-17T16:10:09.532Z] WebElementLocator - _handleLocateCommand - Element(s) NOT Found: GAVE UP. Search Stop Time: 1489767009504

  phantomjs://platform/console++.js:263 in error
[ERROR - 2017-03-17T16:10:10.582Z] WebElementLocator - _handleLocateCommand - Element(s) NOT Found: GAVE UP. Search Stop Time: 1489767010562

  phantomjs://platform/console++.js:263 in error
[ERROR - 2017-03-17T16:10:11.639Z] WebElementLocator - _handleLocateCommand - Element(s) NOT Found: GAVE UP. Search Stop Time: 1489767011611

  phantomjs://platform/console++.js:263 in error
[ERROR - 2017-03-17T16:10:12.700Z] WebElementLocator - _handleLocateCommand - Element(s) NOT Found: GAVE UP. Search Stop Time: 1489767012672

  phantomjs://platform/console++.js:263 in error
[ERROR - 2017-03-17T16:10:13.760Z] WebElementLocator - _handleLocateCommand - Element(s) NOT Found: GAVE UP. Search Stop Time: 1489767013724

  phantomjs://platform/console++.js:263 in error
[ERROR - 2017-03-17T16:10:14.799Z] WebElementLocator - _handleLocateCommand - Element(s) NOT Found: GAVE UP. Search Stop Time: 1489767014770

  phantomjs://platform/console++.js:263 in error
[ERROR - 2017-03-17T16:10:15.861Z] WebElementLocator - _handleLocateCommand - Element(s) NOT Found: GAVE UP. Search Stop Time: 1489767015828

  phantomjs://platform/console++.js:263 in error
[ERROR - 2017-03-17T16:10:16.894Z] WebElementLocator - _handleLocateCommand - Element(s) NOT Found: GAVE UP. Search Stop Time: 1489767016867

  phantomjs://platform/console++.js:263 in error
[ERROR - 2017-03-17T16:10:17.926Z] WebElementLocator - _handleLocateCommand - Element(s) NOT Found: GAVE UP. Search Stop Time: 1489767017908

  phantomjs://platform/console++.js:263 in error
[ERROR - 2017-03-17T16:10:18.987Z] WebElementLocator - _handleLocateCommand - Element(s) NOT Found: GAVE UP. Search Stop Time: 1489767018956

  phantomjs://platform/console++.js:263 in error
[ERROR - 2017-03-17T16:10:20.032Z] WebElementLocator - _handleLocateCommand - Element(s) NOT Found: GAVE UP. Search Stop Time: 1489767020010

  phantomjs://platform/console++.js:263 in error
[ERROR - 2017-03-17T16:10:21.112Z] WebElementLocator - _handleLocateCommand - Element(s) NOT Found: GAVE UP. Search Stop Time: 1489767021085

  phantomjs://platform/console++.js:263 in error
